<?xml version="1.0" encoding="UTF-8"?>
<!-- Generated by org.testng.reporters.JUnitXMLReporter -->
<testsuite ignored="0" hostname="RUPAK-PC" failures="2" tests="6" name="Test" time="27.834" errors="0" timestamp="2024-04-05T22:03:44 IST">
  <testcase classname="com.testngprojecttest.TestNGTestProject.GoogleTest" name="verifyLogo" time="0.121">
    <skipped/>
  </testcase> <!-- verifyLogo -->
  <testcase classname="com.testngprojecttest.TestNGTestProject.GoogleTest" name="verifyLogo" time="0.097">
    <skipped/>
  </testcase> <!-- verifyLogo -->
  <testcase classname="com.testngprojecttest.TestNGTestProject.GoogleTest" name="verifyLogo" time="0.079">
    <failure type="java.lang.AssertionError" message="expected:&amp;lt;true&amp;gt; but was:&amp;lt;false&amp;gt;">
      <![CDATA[java.lang.AssertionError: expected:<true> but was:<false>
at com.testngprojecttest.TestNGTestProject.GoogleTest.verifyLogo(GoogleTest.java:27)
at java.base/java.util.ArrayList.forEach(ArrayList.java:1511)
... Removed 32 stack frames]]>
    </failure>
  </testcase> <!-- verifyLogo -->
  <testcase classname="com.testngprojecttest.TestNGTestProject.GoogleTest" name="verifySearchbox" time="0.07">
    <skipped/>
  </testcase> <!-- verifySearchbox -->
  <testcase classname="com.testngprojecttest.TestNGTestProject.GoogleTest" name="verifySearchbox" time="0.072">
    <skipped/>
  </testcase> <!-- verifySearchbox -->
  <testcase classname="com.testngprojecttest.TestNGTestProject.GoogleTest" name="verifySearchbox" time="0.102">
    <failure type="java.lang.AssertionError">
      <![CDATA[java.lang.AssertionError: 
at com.testngprojecttest.TestNGTestProject.GoogleTest.verifySearchbox(GoogleTest.java:36)
at java.base/java.util.ArrayList.forEach(ArrayList.java:1511)
... Removed 30 stack frames]]>
    </failure>
  </testcase> <!-- verifySearchbox -->
</testsuite> <!-- Test -->
